<?xml version='1.0' encoding='UTF-8'?>
<testsuite hostname="DELH-IT-LT-121" name="CalculatorTest" tests="4" errors="0" failures="0" skipped="0" time="0.013" timestamp="2021-07-30T16:03:43">
                     <properties>
[...]
</properties>
                     <testcase classname="CalculatorTest" name="Add Test Cases" time="0.011">
                                                 
                                               </testcase><testcase classname="CalculatorTest" name="Subtract Test Cases" time="0.001">
                                                 
                                               </testcase><testcase classname="CalculatorTest" name="multiply Test Cases" time="0.0">
                                                 
                                               </testcase><testcase classname="CalculatorTest" name="Divide Test case" time="0.001">
                                                 
                                               </testcase>
                     <system-out><![CDATA[]]></system-out>
                     <system-err><![CDATA[]]></system-err>
                   </testsuite>